

> @colourfully-digital/website@1.0.0 build /Users/davidelisma/Repos/Colourfully.Digital/colourfully-digital-monorepo/apps/website
> astro build

[2m23:19:41[22m [34m[content][39m Syncing content
[2m23:19:41[22m [34m[content][39m Synced content
[2m23:19:41[22m [34m[types][39m Generated [2m17ms[22m
[2m23:19:41[22m [34m[build][39m output: [34m"static"[39m
[2m23:19:41[22m [34m[build][39m mode: [34m"static"[39m
[2m23:19:41[22m [34m[build][39m directory: [34m/Users/davidelisma/Repos/Colourfully.Digital/colourfully-digital-monorepo/apps/website/dist/[39m
[2m23:19:41[22m [34m[build][39m Collecting build info...
[2m23:19:41[22m [34m[build][39m [32m✓ Completed in 23ms.[39m
[2m23:19:41[22m [34m[build][39m Building static entrypoints...
[2K[1G[2K[1G[2K[1G[2K[1G[2K[1G[2K[1G[2K[1G[2K[1G[2K[1G[2K[1G[2K[1G[2K[1G[2K[1G[2K[1G[2m23:19:41[22m [34m[vite][39m [32m✓ built in 345ms[39m
[2m23:19:41[22m [34m[build][39m [32m✓ Completed in 366ms.[39m

[42m[30m building client (vite) [39m[49m
[2K[1Gtransforming (1) [2m../../node_modules/.pnpm/@astrojs+rea[2K[1Gtransforming (14) [2m../../node_modules/.pnpm/react-dom@1[2K[1G[2m23:19:42[22m [34m[vite][39m [32m✓[39m 21 modules transformed.
[2K[1Grendering chunks (1)...[2K[1G[2K[1Gcomputing gzip size (0)...[2K[1Gcomputing gzip size (1)...[2K[1G[2m23:19:42[22m [34m[vite][39m [2mdist/[22m[2m_astro/[22m[36mclient.Co0vMr8l.js  [39m[1m[2m187.44 kB[22m[1m[22m[2m │ gzip: 59.07 kB[22m
[2m23:19:42[22m [34m[vite][39m [32m✓ built in 315ms[39m

[42m[30m generating static routes [39m[49m
[2m23:19:42[22m [32m▶[39m src/pages/index.astro
[2m23:19:42[22m   [34m└─[39m [2m/index.html[22m [2m(+3ms)[22m 
[2m23:19:42[22m [32m✓ Completed in 17ms.
[39m
[2m23:19:42[22m [34m[build][39m 1 page(s) built in [1m729ms[22m
[2m23:19:42[22m [34m[build][39m [1mComplete![22m
